12:34:00.913 [ApplicationImpl pooled thread 187] INFO  c.b.l.BrowserStackRunExtension - application
12:34:00.916 [ApplicationImpl pooled thread 187] INFO  com.browserstack.utils.Helpers - null
12:47:49.420 [ApplicationImpl pooled thread 210] INFO  c.b.l.BrowserStackRunExtension - application
12:47:49.421 [ApplicationImpl pooled thread 210] INFO  com.browserstack.utils.Helpers - null
12:51:31.189 [ApplicationImpl pooled thread 218] INFO  c.b.l.BrowserStackRunExtension - application
12:51:31.190 [ApplicationImpl pooled thread 218] INFO  com.browserstack.utils.Helpers - null
12:51:41.208 [ApplicationImpl pooled thread 217] INFO  c.b.l.BrowserStackRunExtension - application
12:51:41.208 [ApplicationImpl pooled thread 217] INFO  com.browserstack.utils.Helpers - null
13:00:02.209 [AWT-EventQueue-0] INFO  c.b.actions.EnableBrowserStack - Setting enable browserstack run update
13:00:02.225 [AWT-EventQueue-0] INFO  c.b.actions.EnableBrowserStack - Setting enable browserstack run update
13:00:02.235 [AWT-EventQueue-0] INFO  c.b.actions.DisableBrowserStack - Setting disable browserstack run update
15:07:40.892 [ApplicationImpl pooled thread 38] INFO  c.b.l.BrowserStackRunExtension - application
15:07:40.897 [ApplicationImpl pooled thread 38] INFO  com.browserstack.utils.Helpers - null
15:08:27.618 [ApplicationImpl pooled thread 36] INFO  c.b.l.BrowserStackRunExtension - application
15:08:27.618 [ApplicationImpl pooled thread 36] INFO  com.browserstack.utils.Helpers - null
15:10:02.900 [ApplicationImpl pooled thread 37] INFO  c.b.l.BrowserStackRunExtension - application
15:10:02.901 [ApplicationImpl pooled thread 37] INFO  com.browserstack.utils.Helpers - null
15:11:01.990 [ApplicationImpl pooled thread 37] INFO  c.b.l.BrowserStackRunExtension - application
15:11:01.990 [ApplicationImpl pooled thread 37] INFO  com.browserstack.utils.Helpers - null
15:11:10.745 [ApplicationImpl pooled thread 50] INFO  c.b.l.BrowserStackRunExtension - application
15:11:10.745 [ApplicationImpl pooled thread 50] INFO  com.browserstack.utils.Helpers - null
15:16:50.548 [ApplicationImpl pooled thread 58] INFO  c.b.l.BrowserStackRunExtension - application
15:16:50.548 [ApplicationImpl pooled thread 58] INFO  com.browserstack.utils.Helpers - null
15:28:34.092 [ApplicationImpl pooled thread 51] INFO  c.b.l.BrowserStackRunExtension - application
15:28:34.092 [ApplicationImpl pooled thread 51] INFO  com.browserstack.utils.Helpers - null
15:45:21.730 [ApplicationImpl pooled thread 64] INFO  c.b.l.BrowserStackRunExtension - application
15:45:21.732 [ApplicationImpl pooled thread 64] INFO  com.browserstack.utils.Helpers - null
15:45:52.392 [ApplicationImpl pooled thread 88] INFO  c.b.l.BrowserStackRunExtension - application
15:45:52.393 [ApplicationImpl pooled thread 88] INFO  com.browserstack.utils.Helpers - null
15:47:55.961 [ApplicationImpl pooled thread 93] INFO  c.b.l.BrowserStackRunExtension - application
15:47:55.962 [ApplicationImpl pooled thread 93] INFO  com.browserstack.utils.Helpers - null
15:48:22.382 [ApplicationImpl pooled thread 95] INFO  c.b.l.BrowserStackRunExtension - application
15:48:22.382 [ApplicationImpl pooled thread 95] INFO  com.browserstack.utils.Helpers - null
15:49:12.487 [ApplicationImpl pooled thread 89] INFO  c.b.l.BrowserStackRunExtension - application
15:49:12.487 [ApplicationImpl pooled thread 89] INFO  com.browserstack.utils.Helpers - null
15:50:08.774 [ApplicationImpl pooled thread 64] INFO  c.b.l.BrowserStackRunExtension - application
15:50:08.775 [ApplicationImpl pooled thread 64] INFO  com.browserstack.utils.Helpers - null
15:52:37.748 [ApplicationImpl pooled thread 88] INFO  c.b.l.BrowserStackRunExtension - application
15:52:37.749 [ApplicationImpl pooled thread 88] INFO  com.browserstack.utils.Helpers - null
15:53:14.246 [ApplicationImpl pooled thread 88] INFO  c.b.l.BrowserStackRunExtension - application
15:53:14.247 [ApplicationImpl pooled thread 88] INFO  com.browserstack.utils.Helpers - null
15:53:37.091 [ApplicationImpl pooled thread 97] INFO  c.b.l.BrowserStackRunExtension - application
15:53:37.092 [ApplicationImpl pooled thread 97] INFO  com.browserstack.utils.Helpers - null
15:53:58.490 [ApplicationImpl pooled thread 97] INFO  c.b.l.BrowserStackRunExtension - application
15:53:58.490 [ApplicationImpl pooled thread 97] INFO  com.browserstack.utils.Helpers - null
15:55:59.838 [ApplicationImpl pooled thread 101] INFO  c.b.l.BrowserStackRunExtension - application
15:55:59.839 [ApplicationImpl pooled thread 101] INFO  com.browserstack.utils.Helpers - null
16:44:52.293 [ApplicationImpl pooled thread 124] INFO  c.b.l.BrowserStackRunExtension - application
16:44:52.293 [ApplicationImpl pooled thread 124] INFO  com.browserstack.utils.Helpers - null
17:07:04.819 [ApplicationImpl pooled thread 136] INFO  c.b.l.BrowserStackRunExtension - application
17:07:04.820 [ApplicationImpl pooled thread 136] INFO  com.browserstack.utils.Helpers - null
17:07:19.474 [ApplicationImpl pooled thread 144] INFO  c.b.l.BrowserStackRunExtension - application
17:07:19.474 [ApplicationImpl pooled thread 144] INFO  com.browserstack.utils.Helpers - null
17:08:02.501 [ApplicationImpl pooled thread 146] INFO  c.b.l.BrowserStackRunExtension - application
17:08:02.501 [ApplicationImpl pooled thread 146] INFO  com.browserstack.utils.Helpers - null
17:10:02.858 [ApplicationImpl pooled thread 145] INFO  c.b.l.BrowserStackRunExtension - application
17:10:02.858 [ApplicationImpl pooled thread 145] INFO  com.browserstack.utils.Helpers - null
17:10:43.148 [ApplicationImpl pooled thread 145] INFO  c.b.l.BrowserStackRunExtension - application
17:10:43.148 [ApplicationImpl pooled thread 145] INFO  com.browserstack.utils.Helpers - null
17:17:21.202 [ApplicationImpl pooled thread 144] INFO  c.b.l.BrowserStackRunExtension - application
17:17:21.203 [ApplicationImpl pooled thread 144] INFO  com.browserstack.utils.Helpers - null
17:17:47.291 [ApplicationImpl pooled thread 149] INFO  c.b.l.BrowserStackRunExtension - application
17:17:47.292 [ApplicationImpl pooled thread 149] INFO  com.browserstack.utils.Helpers - null
11:00:34.378 [ApplicationImpl pooled thread 11] INFO  c.b.l.BrowserStackRunExtension - application
11:00:34.381 [ApplicationImpl pooled thread 11] INFO  com.browserstack.utils.Helpers - null
11:11:43.851 [ApplicationImpl pooled thread 56] INFO  c.b.l.BrowserStackRunExtension - application
11:11:43.852 [ApplicationImpl pooled thread 56] INFO  com.browserstack.utils.Helpers - null
11:13:39.937 [ApplicationImpl pooled thread 33] INFO  c.b.l.BrowserStackRunExtension - application
11:13:39.937 [ApplicationImpl pooled thread 33] INFO  com.browserstack.utils.Helpers - null
11:50:22.032 [ApplicationImpl pooled thread 87] INFO  c.b.l.BrowserStackRunExtension - application
11:50:22.034 [ApplicationImpl pooled thread 87] INFO  com.browserstack.utils.Helpers - null
11:54:30.255 [ApplicationImpl pooled thread 76] INFO  c.b.l.BrowserStackRunExtension - application
11:54:30.256 [ApplicationImpl pooled thread 76] INFO  com.browserstack.utils.Helpers - null
11:55:14.491 [ApplicationImpl pooled thread 94] INFO  c.b.l.BrowserStackRunExtension - application
11:55:14.491 [ApplicationImpl pooled thread 94] INFO  com.browserstack.utils.Helpers - null
12:31:11.012 [ApplicationImpl pooled thread 109] INFO  c.b.l.BrowserStackRunExtension - application
12:31:11.012 [ApplicationImpl pooled thread 109] INFO  com.browserstack.utils.Helpers - null
12:31:36.018 [ApplicationImpl pooled thread 112] INFO  c.b.l.BrowserStackRunExtension - application
12:31:36.019 [ApplicationImpl pooled thread 112] INFO  com.browserstack.utils.Helpers - null
12:44:15.797 [ApplicationImpl pooled thread 126] INFO  c.b.l.BrowserStackRunExtension - application
12:44:15.798 [ApplicationImpl pooled thread 126] INFO  com.browserstack.utils.Helpers - null
12:45:02.072 [ApplicationImpl pooled thread 129] INFO  c.b.l.BrowserStackRunExtension - application
12:45:02.073 [ApplicationImpl pooled thread 129] INFO  com.browserstack.utils.Helpers - null
12:46:01.476 [ApplicationImpl pooled thread 97] INFO  c.b.l.BrowserStackRunExtension - application
12:46:01.478 [ApplicationImpl pooled thread 97] INFO  com.browserstack.utils.Helpers - null
12:46:32.940 [ApplicationImpl pooled thread 127] INFO  c.b.l.BrowserStackRunExtension - application
12:46:32.940 [ApplicationImpl pooled thread 127] INFO  com.browserstack.utils.Helpers - null
12:47:28.697 [ApplicationImpl pooled thread 126] INFO  c.b.l.BrowserStackRunExtension - application
12:47:28.697 [ApplicationImpl pooled thread 126] INFO  com.browserstack.utils.Helpers - null
13:07:37.887 [ApplicationImpl pooled thread 149] INFO  c.b.l.BrowserStackRunExtension - application
13:07:37.887 [ApplicationImpl pooled thread 149] INFO  com.browserstack.utils.Helpers - null
13:08:07.493 [ApplicationImpl pooled thread 147] INFO  c.b.l.BrowserStackRunExtension - application
13:08:07.493 [ApplicationImpl pooled thread 147] INFO  com.browserstack.utils.Helpers - null
13:09:12.083 [ApplicationImpl pooled thread 152] INFO  c.b.l.BrowserStackRunExtension - application
13:09:12.083 [ApplicationImpl pooled thread 152] INFO  com.browserstack.utils.Helpers - null
13:09:58.233 [ApplicationImpl pooled thread 132] INFO  c.b.l.BrowserStackRunExtension - application
13:09:58.233 [ApplicationImpl pooled thread 132] INFO  com.browserstack.utils.Helpers - null
15:15:05.397 [ApplicationImpl pooled thread 189] INFO  c.b.l.BrowserStackRunExtension - testng
15:15:05.398 [ApplicationImpl pooled thread 189] INFO  com.browserstack.utils.Helpers - null
15:15:05.404 [ApplicationImpl pooled thread 189] INFO  c.b.l.BrowserStackRunExtension - Agent path: null
15:16:16.021 [ApplicationImpl pooled thread 187] INFO  c.b.l.BrowserStackRunExtension - testng
15:16:16.021 [ApplicationImpl pooled thread 187] INFO  com.browserstack.utils.Helpers - null
15:16:16.022 [ApplicationImpl pooled thread 187] INFO  c.b.l.BrowserStackRunExtension - Agent path: null
15:55:36.211 [ApplicationImpl pooled thread 220] INFO  c.b.l.BrowserStackRunExtension - testng
15:55:36.212 [ApplicationImpl pooled thread 220] INFO  com.browserstack.utils.Helpers - null
15:55:36.213 [ApplicationImpl pooled thread 220] INFO  c.b.l.BrowserStackRunExtension - Agent path: null
17:12:42.141 [ApplicationImpl pooled thread 241] INFO  c.b.l.BrowserStackRunExtension - testng
17:12:42.141 [ApplicationImpl pooled thread 241] INFO  com.browserstack.utils.Helpers - null
17:12:42.142 [ApplicationImpl pooled thread 241] INFO  c.b.l.BrowserStackRunExtension - Agent path: null
19:05:40.222 [ApplicationImpl pooled thread 453] INFO  c.b.l.BrowserStackRunExtension - testng
19:05:40.222 [ApplicationImpl pooled thread 453] INFO  com.browserstack.utils.Helpers - null
19:05:40.224 [ApplicationImpl pooled thread 453] INFO  c.b.l.BrowserStackRunExtension - Agent path: null
19:56:55.486 [ApplicationImpl pooled thread 490] INFO  c.b.l.BrowserStackRunExtension - application
19:56:55.487 [ApplicationImpl pooled thread 490] INFO  com.browserstack.utils.Helpers - null
19:57:12.441 [ApplicationImpl pooled thread 488] INFO  c.b.l.BrowserStackRunExtension - application
19:57:12.441 [ApplicationImpl pooled thread 488] INFO  com.browserstack.utils.Helpers - null
20:02:31.251 [ApplicationImpl pooled thread 483] INFO  c.b.l.BrowserStackRunExtension - application
20:02:31.252 [ApplicationImpl pooled thread 483] INFO  com.browserstack.utils.Helpers - null
21:26:14.072 [ApplicationImpl pooled thread 514] INFO  c.b.l.BrowserStackRunExtension - application
21:26:14.073 [ApplicationImpl pooled thread 514] INFO  com.browserstack.utils.Helpers - null
21:52:20.572 [ApplicationImpl pooled thread 533] INFO  c.b.l.BrowserStackRunExtension - application
21:52:20.573 [ApplicationImpl pooled thread 533] INFO  com.browserstack.utils.Helpers - null
21:54:01.802 [ApplicationImpl pooled thread 537] INFO  c.b.l.BrowserStackRunExtension - application
21:54:01.802 [ApplicationImpl pooled thread 537] INFO  com.browserstack.utils.Helpers - null
21:55:26.741 [ApplicationImpl pooled thread 533] INFO  c.b.l.BrowserStackRunExtension - application
21:55:26.742 [ApplicationImpl pooled thread 533] INFO  com.browserstack.utils.Helpers - null
21:56:02.958 [ApplicationImpl pooled thread 533] INFO  c.b.l.BrowserStackRunExtension - application
21:56:02.958 [ApplicationImpl pooled thread 533] INFO  com.browserstack.utils.Helpers - null
22:00:00.066 [ApplicationImpl pooled thread 551] INFO  c.b.l.BrowserStackRunExtension - application
22:00:00.067 [ApplicationImpl pooled thread 551] INFO  com.browserstack.utils.Helpers - null
22:14:49.106 [ApplicationImpl pooled thread 567] INFO  c.b.l.BrowserStackRunExtension - testng
22:14:49.106 [ApplicationImpl pooled thread 567] INFO  com.browserstack.utils.Helpers - null
22:14:49.108 [ApplicationImpl pooled thread 567] INFO  c.b.l.BrowserStackRunExtension - Agent path: null
22:23:53.465 [ApplicationImpl pooled thread 569] INFO  c.b.l.BrowserStackRunExtension - testng
22:23:53.465 [ApplicationImpl pooled thread 569] INFO  com.browserstack.utils.Helpers - null
22:23:53.466 [ApplicationImpl pooled thread 569] INFO  c.b.l.BrowserStackRunExtension - Agent path: null
11:07:45.492 [ApplicationImpl pooled thread 35] INFO  c.b.l.BrowserStackRunExtension - testng
11:07:45.496 [ApplicationImpl pooled thread 35] INFO  com.browserstack.utils.Helpers - null
11:07:45.498 [ApplicationImpl pooled thread 35] INFO  c.b.l.BrowserStackRunExtension - Agent path: null
11:34:09.166 [ApplicationImpl pooled thread 50] INFO  c.b.l.BrowserStackRunExtension - testng
11:34:09.167 [ApplicationImpl pooled thread 50] INFO  com.browserstack.utils.Helpers - null
11:34:09.168 [ApplicationImpl pooled thread 50] INFO  c.b.l.BrowserStackRunExtension - Agent path: null
11:53:40.232 [ApplicationImpl pooled thread 77] INFO  c.b.l.BrowserStackRunExtension - testng
11:53:40.233 [ApplicationImpl pooled thread 77] INFO  com.browserstack.utils.Helpers - null
11:53:40.233 [ApplicationImpl pooled thread 77] INFO  c.b.l.BrowserStackRunExtension - Agent path: null
11:56:57.088 [ApplicationImpl pooled thread 86] INFO  c.b.l.BrowserStackRunExtension - testng
11:56:57.089 [ApplicationImpl pooled thread 86] INFO  com.browserstack.utils.Helpers - null
11:56:57.090 [ApplicationImpl pooled thread 86] INFO  c.b.l.BrowserStackRunExtension - Agent path: null
11:57:14.971 [ApplicationImpl pooled thread 87] INFO  c.b.l.BrowserStackRunExtension - testng
11:57:14.971 [ApplicationImpl pooled thread 87] INFO  com.browserstack.utils.Helpers - null
11:57:14.973 [ApplicationImpl pooled thread 87] INFO  c.b.l.BrowserStackRunExtension - Agent path: null
11:58:09.807 [ApplicationImpl pooled thread 87] INFO  c.b.l.BrowserStackRunExtension - testng
11:58:09.807 [ApplicationImpl pooled thread 87] INFO  com.browserstack.utils.Helpers - null
11:58:09.808 [ApplicationImpl pooled thread 87] INFO  c.b.l.BrowserStackRunExtension - Agent path: null
12:04:21.675 [ApplicationImpl pooled thread 78] INFO  c.b.l.BrowserStackRunExtension - testng
12:04:21.676 [ApplicationImpl pooled thread 78] INFO  com.browserstack.utils.Helpers - null
12:04:21.677 [ApplicationImpl pooled thread 78] INFO  c.b.l.BrowserStackRunExtension - Agent path: null
12:05:15.739 [ApplicationImpl pooled thread 78] INFO  c.b.l.BrowserStackRunExtension - testng
12:05:15.740 [ApplicationImpl pooled thread 78] INFO  com.browserstack.utils.Helpers - null
12:05:15.740 [ApplicationImpl pooled thread 78] INFO  c.b.l.BrowserStackRunExtension - Agent path: null
12:07:21.816 [ApplicationImpl pooled thread 58] INFO  c.b.l.BrowserStackRunExtension - testng
12:07:21.816 [ApplicationImpl pooled thread 58] INFO  com.browserstack.utils.Helpers - null
12:07:21.817 [ApplicationImpl pooled thread 58] INFO  c.b.l.BrowserStackRunExtension - Agent path: null
12:20:40.311 [ApplicationImpl pooled thread 107] INFO  c.b.l.BrowserStackRunExtension - testng
12:20:40.312 [ApplicationImpl pooled thread 107] INFO  com.browserstack.utils.Helpers - null
12:20:40.314 [ApplicationImpl pooled thread 107] INFO  c.b.l.BrowserStackRunExtension - Agent path: null
12:21:22.428 [ApplicationImpl pooled thread 108] INFO  c.b.l.BrowserStackRunExtension - testng
12:21:22.429 [ApplicationImpl pooled thread 108] INFO  com.browserstack.utils.Helpers - null
12:21:22.429 [ApplicationImpl pooled thread 108] INFO  c.b.l.BrowserStackRunExtension - Agent path: null
12:22:11.113 [ApplicationImpl pooled thread 107] INFO  c.b.l.BrowserStackRunExtension - testng
12:22:11.113 [ApplicationImpl pooled thread 107] INFO  com.browserstack.utils.Helpers - null
12:22:11.115 [ApplicationImpl pooled thread 107] INFO  c.b.l.BrowserStackRunExtension - Agent path: null
12:22:57.522 [ApplicationImpl pooled thread 109] INFO  c.b.l.BrowserStackRunExtension - testng
12:22:57.522 [ApplicationImpl pooled thread 109] INFO  com.browserstack.utils.Helpers - null
12:22:57.523 [ApplicationImpl pooled thread 109] INFO  c.b.l.BrowserStackRunExtension - Agent path: null
12:24:45.400 [ApplicationImpl pooled thread 107] INFO  c.b.l.BrowserStackRunExtension - testng
12:24:45.400 [ApplicationImpl pooled thread 107] INFO  com.browserstack.utils.Helpers - null
12:24:45.401 [ApplicationImpl pooled thread 107] INFO  c.b.l.BrowserStackRunExtension - Agent path: null
12:31:28.786 [ApplicationImpl pooled thread 124] INFO  c.b.l.BrowserStackRunExtension - testng
12:31:28.787 [ApplicationImpl pooled thread 124] INFO  com.browserstack.utils.Helpers - null
12:31:28.787 [ApplicationImpl pooled thread 124] INFO  c.b.l.BrowserStackRunExtension - Agent path: null
12:31:45.325 [ApplicationImpl pooled thread 109] INFO  c.b.l.BrowserStackRunExtension - testng
12:31:45.325 [ApplicationImpl pooled thread 109] INFO  com.browserstack.utils.Helpers - null
12:31:45.326 [ApplicationImpl pooled thread 109] INFO  c.b.l.BrowserStackRunExtension - Agent path: null
12:32:37.089 [ApplicationImpl pooled thread 120] INFO  c.b.l.BrowserStackRunExtension - testng
12:32:37.089 [ApplicationImpl pooled thread 120] INFO  com.browserstack.utils.Helpers - null
12:32:37.090 [ApplicationImpl pooled thread 120] INFO  c.b.l.BrowserStackRunExtension - Agent path: null
12:33:44.293 [ApplicationImpl pooled thread 123] INFO  c.b.l.BrowserStackRunExtension - testng
12:33:44.293 [ApplicationImpl pooled thread 123] INFO  com.browserstack.utils.Helpers - null
12:33:44.293 [ApplicationImpl pooled thread 123] INFO  c.b.l.BrowserStackRunExtension - Agent path: null
12:56:06.790 [ApplicationImpl pooled thread 127] INFO  c.b.l.BrowserStackRunExtension - testng
12:56:06.791 [ApplicationImpl pooled thread 127] INFO  com.browserstack.utils.Helpers - null
12:56:06.791 [ApplicationImpl pooled thread 127] INFO  c.b.l.BrowserStackRunExtension - Agent path: null
12:57:03.822 [ApplicationImpl pooled thread 120] INFO  c.b.l.BrowserStackRunExtension - testng
12:57:03.823 [ApplicationImpl pooled thread 120] INFO  com.browserstack.utils.Helpers - null
12:57:03.823 [ApplicationImpl pooled thread 120] INFO  c.b.l.BrowserStackRunExtension - Agent path: null
13:34:33.473 [ApplicationImpl pooled thread 168] INFO  c.b.l.BrowserStackRunExtension - testng
13:34:33.474 [ApplicationImpl pooled thread 168] INFO  com.browserstack.utils.Helpers - null
13:34:33.474 [ApplicationImpl pooled thread 168] INFO  c.b.l.BrowserStackRunExtension - Agent path: null
14:47:44.123 [ApplicationImpl pooled thread 182] INFO  c.b.l.BrowserStackRunExtension - testng
14:47:44.123 [ApplicationImpl pooled thread 182] INFO  com.browserstack.utils.Helpers - null
14:47:44.124 [ApplicationImpl pooled thread 182] INFO  c.b.l.BrowserStackRunExtension - Agent path: null
14:51:33.793 [ApplicationImpl pooled thread 196] INFO  c.b.l.BrowserStackRunExtension - testng
14:51:33.794 [ApplicationImpl pooled thread 196] INFO  com.browserstack.utils.Helpers - null
14:51:33.794 [ApplicationImpl pooled thread 196] INFO  c.b.l.BrowserStackRunExtension - Agent path: null
14:51:46.306 [ApplicationImpl pooled thread 194] INFO  c.b.l.BrowserStackRunExtension - testng
14:51:46.307 [ApplicationImpl pooled thread 194] INFO  com.browserstack.utils.Helpers - null
14:51:46.308 [ApplicationImpl pooled thread 194] INFO  c.b.l.BrowserStackRunExtension - Agent path: null
14:54:45.950 [ApplicationImpl pooled thread 194] INFO  c.b.l.BrowserStackRunExtension - testng
14:54:45.951 [ApplicationImpl pooled thread 194] INFO  com.browserstack.utils.Helpers - null
14:54:45.951 [ApplicationImpl pooled thread 194] INFO  c.b.l.BrowserStackRunExtension - Agent path: null
15:02:16.590 [ApplicationImpl pooled thread 205] INFO  c.b.l.BrowserStackRunExtension - application
15:02:16.590 [ApplicationImpl pooled thread 205] INFO  com.browserstack.utils.Helpers - null
15:02:38.324 [ApplicationImpl pooled thread 184] INFO  c.b.l.BrowserStackRunExtension - application
15:02:38.324 [ApplicationImpl pooled thread 184] INFO  com.browserstack.utils.Helpers - null
15:04:50.687 [ApplicationImpl pooled thread 200] INFO  c.b.l.BrowserStackRunExtension - application
15:04:50.687 [ApplicationImpl pooled thread 200] INFO  com.browserstack.utils.Helpers - null
11:40:50.417 [ApplicationImpl pooled thread 41] INFO  c.b.l.BrowserStackRunExtension - application
11:40:50.420 [ApplicationImpl pooled thread 41] INFO  com.browserstack.utils.Helpers - null
